0 info it worked if it ends with ok
1 verbose cli [ 'C:\\Program Files\\nodejs\\node.exe',
1 verbose cli   'C:\\Users\\rokotyansky.n.1\\AppData\\Roaming\\npm\\node_modules\\npm\\bin\\npm-cli.js',
1 verbose cli   'run',
1 verbose cli   'server' ]
2 info using npm@4.1.1
3 info using node@v8.9.1
4 verbose run-script [ 'preserver', 'server', 'postserver' ]
5 info lifecycle server2@1.0.0~preserver: server2@1.0.0
6 silly lifecycle server2@1.0.0~preserver: no script for preserver, continuing
7 info lifecycle server2@1.0.0~server: server2@1.0.0
8 verbose lifecycle server2@1.0.0~server: unsafe-perm in lifecycle true
9 verbose lifecycle server2@1.0.0~server: PATH: C:\Users\rokotyansky.n.1\AppData\Roaming\npm\node_modules\npm\bin\node-gyp-bin;C:\Users\rokotyansky.n.1\Documents\Projects\safety-inspections\server\node_modules\.bin;C:\Users\rokotyansky.n.1\Documents\Projects\safety-inspections\server/node_modules/.bin:C:\Users\rokotyansky.n.1\AppData\Roaming\npm\node_modules\npm\bin\node-gyp-bin;C:\Users\rokotyansky.n.1\Documents\Projects\safety-inspections\server\node_modules\.bin;C:\Program Files\ConEmu\ConEmu\Scripts;C:\Program Files\ConEmu;C:\Program Files\ConEmu\ConEmu;c:\oracle\11gR2Client\11gR2Client\bin;C:\ProgramData\Oracle\Java\javapath;C:\Windows\system32;C:\Windows;C:\Windows\System32\Wbem;C:\Program Files (x86)\Microsoft SQL Server\Client SDK\ODBC\130\Tools\Binn\;C:\Program Files (x86)\Microsoft SQL Server\130\Tools\Binn\;C:\Program Files (x86)\Microsoft SQL Server\130\DTS\Binn\;C:\Program Files (x86)\Microsoft SQL Server\130\Tools\Binn\ManagementStudio\;C:\mongodb\bin\mongod.exe;C:\Program Files\Microsoft SQL Server\130\Tools\Binn\;C:\Windows\System32\WindowsPowerShell\v1.0\;C:\mongodb\bin;C:\Program Files\nodejs\;c:\Program Files (x86)\WebEx\Productivity Tools;C:\Windows\System32\WindowsPowerShell\v1.0\;C:\Program Files\dotnet\;C:\Program Files\Git\cmd;C:\Go\bin;C:\Program Files\Microsoft VS Code\bin;C:\mongodb\bin;C:\Users\rokotyansky.n.1\AppData\Roaming\npm;C:\Users\rokotyansky.n.1\go\bin;C:\Users\rokotyansky.n.1\AppData\Local\Programs\Microsoft VS Code\bin;C:\Users\rokotyansky.n.1\AppData\Local\Programs\Python\Python36-32\
10 verbose lifecycle server2@1.0.0~server: CWD: C:\Users\rokotyansky.n.1\Documents\Projects\safety-inspections\server
11 silly lifecycle server2@1.0.0~server: Args: [ '/d /s /c', 'node src/server.js' ]
12 silly lifecycle server2@1.0.0~server: Returned: code: 7  signal: null
13 info lifecycle server2@1.0.0~server: Failed to exec server script
14 verbose stack Error: server2@1.0.0 server: `node src/server.js`
14 verbose stack Exit status 7
14 verbose stack     at EventEmitter.<anonymous> (C:\Users\rokotyansky.n.1\AppData\Roaming\npm\node_modules\npm\lib\utils\lifecycle.js:279:16)
14 verbose stack     at emitTwo (events.js:126:13)
14 verbose stack     at EventEmitter.emit (events.js:214:7)
14 verbose stack     at ChildProcess.<anonymous> (C:\Users\rokotyansky.n.1\AppData\Roaming\npm\node_modules\npm\lib\utils\spawn.js:40:14)
14 verbose stack     at emitTwo (events.js:126:13)
14 verbose stack     at ChildProcess.emit (events.js:214:7)
14 verbose stack     at maybeClose (internal/child_process.js:925:16)
14 verbose stack     at Process.ChildProcess._handle.onexit (internal/child_process.js:209:5)
15 verbose pkgid server2@1.0.0
16 verbose cwd C:\Users\rokotyansky.n.1\Documents\Projects\safety-inspections\server
17 error Windows_NT 6.1.7601
18 error argv "C:\\Program Files\\nodejs\\node.exe" "C:\\Users\\rokotyansky.n.1\\AppData\\Roaming\\npm\\node_modules\\npm\\bin\\npm-cli.js" "run" "server"
19 error node v8.9.1
20 error npm  v4.1.1
21 error code ELIFECYCLE
22 error server2@1.0.0 server: `node src/server.js`
22 error Exit status 7
23 error Failed at the server2@1.0.0 server script 'node src/server.js'.
23 error Make sure you have the latest version of node.js and npm installed.
23 error If you do, this is most likely a problem with the server2 package,
23 error not with npm itself.
23 error Tell the author that this fails on your system:
23 error     node src/server.js
23 error You can get information on how to open an issue for this project with:
23 error     npm bugs server2
23 error Or if that isn't available, you can get their info via:
23 error     npm owner ls server2
23 error There is likely additional logging output above.
24 verbose exit [ 1, true ]
